[0.613s] Invoking command in '/home/daddy/ROBOTICS/ros2_ws/src/my_py_pkg': PYTHONPATH=/home/daddy/ROBOTICS/ros2_ws/build/my_py_pkg/prefix_override:/usr/lib/python3/dist-packages/colcon_core/task/python/colcon_distutils_commands:/home/daddy/ROBOTICS/ros2_ws/install/my_py_pkg/lib/python3.10/site-packages:${PYTHONPATH} /usr/bin/python3 -W ignore:setup.py install is deprecated -W ignore:easy_install command is deprecated setup.py egg_info --egg-base ../../build/my_py_pkg build --build-base /home/daddy/ROBOTICS/ros2_ws/build/my_py_pkg/build install --record /home/daddy/ROBOTICS/ros2_ws/build/my_py_pkg/install.log --single-version-externally-managed install_data
[0.784s] running egg_info
[0.794s] writing ../../build/my_py_pkg/my_py_pkg.egg-info/PKG-INFO
[0.794s] writing dependency_links to ../../build/my_py_pkg/my_py_pkg.egg-info/dependency_links.txt
[0.795s] writing entry points to ../../build/my_py_pkg/my_py_pkg.egg-info/entry_points.txt
[0.795s] writing requirements to ../../build/my_py_pkg/my_py_pkg.egg-info/requires.txt
[0.795s] writing top-level names to ../../build/my_py_pkg/my_py_pkg.egg-info/top_level.txt
[0.818s] reading manifest file '../../build/my_py_pkg/my_py_pkg.egg-info/SOURCES.txt'
[0.818s] writing manifest file '../../build/my_py_pkg/my_py_pkg.egg-info/SOURCES.txt'
[0.819s] running build
[0.819s] running build_py
[0.819s] copying my_py_pkg/__init__.py -> /home/daddy/ROBOTICS/ros2_ws/build/my_py_pkg/build/lib/my_py_pkg
[0.819s] copying my_py_pkg/template_python_node.py -> /home/daddy/ROBOTICS/ros2_ws/build/my_py_pkg/build/lib/my_py_pkg
[0.819s] copying my_py_pkg/number_counter.py -> /home/daddy/ROBOTICS/ros2_ws/build/my_py_pkg/build/lib/my_py_pkg
[0.819s] copying my_py_pkg/number_publisher.py -> /home/daddy/ROBOTICS/ros2_ws/build/my_py_pkg/build/lib/my_py_pkg
[0.819s] copying my_py_pkg/my_first_node.py -> /home/daddy/ROBOTICS/ros2_ws/build/my_py_pkg/build/lib/my_py_pkg
[0.819s] copying my_py_pkg/robot_news_station.py -> /home/daddy/ROBOTICS/ros2_ws/build/my_py_pkg/build/lib/my_py_pkg
[0.819s] copying my_py_pkg/smartphone.py -> /home/daddy/ROBOTICS/ros2_ws/build/my_py_pkg/build/lib/my_py_pkg
[0.820s] running install
[0.822s] running install_lib
[0.833s] copying /home/daddy/ROBOTICS/ros2_ws/build/my_py_pkg/build/lib/my_py_pkg/number_counter.py -> /home/daddy/ROBOTICS/ros2_ws/install/my_py_pkg/lib/python3.10/site-packages/my_py_pkg
[0.834s] byte-compiling /home/daddy/ROBOTICS/ros2_ws/install/my_py_pkg/lib/python3.10/site-packages/my_py_pkg/number_counter.py to number_counter.cpython-310.pyc
[0.834s] running install_data
[0.834s] copying resource/my_py_pkg -> /home/daddy/ROBOTICS/ros2_ws/install/my_py_pkg/share/ament_index/resource_index/packages
[0.834s] copying package.xml -> /home/daddy/ROBOTICS/ros2_ws/install/my_py_pkg/share/my_py_pkg
[0.835s] running install_egg_info
[0.847s] removing '/home/daddy/ROBOTICS/ros2_ws/install/my_py_pkg/lib/python3.10/site-packages/my_py_pkg-0.0.0-py3.10.egg-info' (and everything under it)
[0.847s] Copying ../../build/my_py_pkg/my_py_pkg.egg-info to /home/daddy/ROBOTICS/ros2_ws/install/my_py_pkg/lib/python3.10/site-packages/my_py_pkg-0.0.0-py3.10.egg-info
[0.847s] running install_scripts
[0.871s] Installing number_counter script to /home/daddy/ROBOTICS/ros2_ws/install/my_py_pkg/lib/my_py_pkg
[0.871s] Installing number_publisher script to /home/daddy/ROBOTICS/ros2_ws/install/my_py_pkg/lib/my_py_pkg
[0.871s] Installing py_node script to /home/daddy/ROBOTICS/ros2_ws/install/my_py_pkg/lib/my_py_pkg
[0.871s] Installing robot_news_station script to /home/daddy/ROBOTICS/ros2_ws/install/my_py_pkg/lib/my_py_pkg
[0.871s] Installing smartphone script to /home/daddy/ROBOTICS/ros2_ws/install/my_py_pkg/lib/my_py_pkg
[0.871s] writing list of installed files to '/home/daddy/ROBOTICS/ros2_ws/build/my_py_pkg/install.log'
[0.886s] Invoked command in '/home/daddy/ROBOTICS/ros2_ws/src/my_py_pkg' returned '0': PYTHONPATH=/home/daddy/ROBOTICS/ros2_ws/build/my_py_pkg/prefix_override:/usr/lib/python3/dist-packages/colcon_core/task/python/colcon_distutils_commands:/home/daddy/ROBOTICS/ros2_ws/install/my_py_pkg/lib/python3.10/site-packages:${PYTHONPATH} /usr/bin/python3 -W ignore:setup.py install is deprecated -W ignore:easy_install command is deprecated setup.py egg_info --egg-base ../../build/my_py_pkg build --build-base /home/daddy/ROBOTICS/ros2_ws/build/my_py_pkg/build install --record /home/daddy/ROBOTICS/ros2_ws/build/my_py_pkg/install.log --single-version-externally-managed install_data
