/home/daddy/ROBOTICS/ros2_ws/install/my_py_pkg/lib/python3.10/site-packages/my_py_pkg/__init__.py
/home/daddy/ROBOTICS/ros2_ws/install/my_py_pkg/lib/python3.10/site-packages/my_py_pkg/template_python_node.py
/home/daddy/ROBOTICS/ros2_ws/install/my_py_pkg/lib/python3.10/site-packages/my_py_pkg/number_counter.py
/home/daddy/ROBOTICS/ros2_ws/install/my_py_pkg/lib/python3.10/site-packages/my_py_pkg/number_publisher.py
/home/daddy/ROBOTICS/ros2_ws/install/my_py_pkg/lib/python3.10/site-packages/my_py_pkg/my_first_node.py
/home/daddy/ROBOTICS/ros2_ws/install/my_py_pkg/lib/python3.10/site-packages/my_py_pkg/robot_news_station.py
/home/daddy/ROBOTICS/ros2_ws/install/my_py_pkg/lib/python3.10/site-packages/my_py_pkg/smartphone.py
/home/daddy/ROBOTICS/ros2_ws/install/my_py_pkg/lib/python3.10/site-packages/my_py_pkg/__pycache__/__init__.cpython-310.pyc
/home/daddy/ROBOTICS/ros2_ws/install/my_py_pkg/lib/python3.10/site-packages/my_py_pkg/__pycache__/template_python_node.cpython-310.pyc
/home/daddy/ROBOTICS/ros2_ws/install/my_py_pkg/lib/python3.10/site-packages/my_py_pkg/__pycache__/number_counter.cpython-310.pyc
/home/daddy/ROBOTICS/ros2_ws/install/my_py_pkg/lib/python3.10/site-packages/my_py_pkg/__pycache__/number_publisher.cpython-310.pyc
/home/daddy/ROBOTICS/ros2_ws/install/my_py_pkg/lib/python3.10/site-packages/my_py_pkg/__pycache__/my_first_node.cpython-310.pyc
/home/daddy/ROBOTICS/ros2_ws/install/my_py_pkg/lib/python3.10/site-packages/my_py_pkg/__pycache__/robot_news_station.cpython-310.pyc
/home/daddy/ROBOTICS/ros2_ws/install/my_py_pkg/lib/python3.10/site-packages/my_py_pkg/__pycache__/smartphone.cpython-310.pyc
/home/daddy/ROBOTICS/ros2_ws/install/my_py_pkg/share/ament_index/resource_index/packages/my_py_pkg
/home/daddy/ROBOTICS/ros2_ws/install/my_py_pkg/share/my_py_pkg/package.xml
/home/daddy/ROBOTICS/ros2_ws/install/my_py_pkg/lib/python3.10/site-packages/my_py_pkg-0.0.0-py3.10.egg-info/SOURCES.txt
/home/daddy/ROBOTICS/ros2_ws/install/my_py_pkg/lib/python3.10/site-packages/my_py_pkg-0.0.0-py3.10.egg-info/requires.txt
/home/daddy/ROBOTICS/ros2_ws/install/my_py_pkg/lib/python3.10/site-packages/my_py_pkg-0.0.0-py3.10.egg-info/top_level.txt
/home/daddy/ROBOTICS/ros2_ws/install/my_py_pkg/lib/python3.10/site-packages/my_py_pkg-0.0.0-py3.10.egg-info/PKG-INFO
/home/daddy/ROBOTICS/ros2_ws/install/my_py_pkg/lib/python3.10/site-packages/my_py_pkg-0.0.0-py3.10.egg-info/dependency_links.txt
/home/daddy/ROBOTICS/ros2_ws/install/my_py_pkg/lib/python3.10/site-packages/my_py_pkg-0.0.0-py3.10.egg-info/entry_points.txt
/home/daddy/ROBOTICS/ros2_ws/install/my_py_pkg/lib/python3.10/site-packages/my_py_pkg-0.0.0-py3.10.egg-info/zip-safe
/home/daddy/ROBOTICS/ros2_ws/install/my_py_pkg/lib/my_py_pkg/number_counter
/home/daddy/ROBOTICS/ros2_ws/install/my_py_pkg/lib/my_py_pkg/number_publisher
/home/daddy/ROBOTICS/ros2_ws/install/my_py_pkg/lib/my_py_pkg/py_node
/home/daddy/ROBOTICS/ros2_ws/install/my_py_pkg/lib/my_py_pkg/robot_news_station
/home/daddy/ROBOTICS/ros2_ws/install/my_py_pkg/lib/my_py_pkg/smartphone
