[0.710s] Invoking command in '/home/daddy/ROBOTICS/ros2_ws/src/my_py_pkg': PYTHONPATH=/home/daddy/ROBOTICS/ros2_ws/build/my_py_pkg/prefix_override:/usr/lib/python3/dist-packages/colcon_core/task/python/colcon_distutils_commands:/home/daddy/ROBOTICS/ros2_ws/install/my_py_pkg/lib/python3.10/site-packages:${PYTHONPATH} /usr/bin/python3 -W ignore:setup.py install is deprecated -W ignore:easy_install command is deprecated setup.py egg_info --egg-base ../../build/my_py_pkg build --build-base /home/daddy/ROBOTICS/ros2_ws/build/my_py_pkg/build install --record /home/daddy/ROBOTICS/ros2_ws/build/my_py_pkg/install.log --single-version-externally-managed install_data
[0.829s] /home/daddy/.local/lib/python3.10/site-packages/setuptools/_distutils/dist.py:289: UserWarning: Unknown distribution option: 'tests_require'
[0.830s]   warnings.warn(msg)
[0.896s] running egg_info
[0.907s] creating ../../build/my_py_pkg/my_py_pkg.egg-info
[0.907s] writing ../../build/my_py_pkg/my_py_pkg.egg-info/PKG-INFO
[0.908s] writing dependency_links to ../../build/my_py_pkg/my_py_pkg.egg-info/dependency_links.txt
[0.908s] writing requirements to ../../build/my_py_pkg/my_py_pkg.egg-info/requires.txt
[0.908s] writing top-level names to ../../build/my_py_pkg/my_py_pkg.egg-info/top_level.txt
[0.908s] writing manifest file '../../build/my_py_pkg/my_py_pkg.egg-info/SOURCES.txt'
[0.931s] reading manifest file '../../build/my_py_pkg/my_py_pkg.egg-info/SOURCES.txt'
[0.932s] writing manifest file '../../build/my_py_pkg/my_py_pkg.egg-info/SOURCES.txt'
[0.932s] running build
[0.932s] running build_py
[0.932s] creating /home/daddy/ROBOTICS/ros2_ws/build/my_py_pkg/build/lib/my_py_pkg
[0.932s] copying my_py_pkg/__init__.py -> /home/daddy/ROBOTICS/ros2_ws/build/my_py_pkg/build/lib/my_py_pkg
[0.932s] running install
[0.935s] running install_lib
[0.946s] creating /home/daddy/ROBOTICS/ros2_ws/install/my_py_pkg/lib/python3.10/site-packages/my_py_pkg
[0.946s] copying /home/daddy/ROBOTICS/ros2_ws/build/my_py_pkg/build/lib/my_py_pkg/__init__.py -> /home/daddy/ROBOTICS/ros2_ws/install/my_py_pkg/lib/python3.10/site-packages/my_py_pkg
[0.947s] byte-compiling /home/daddy/ROBOTICS/ros2_ws/install/my_py_pkg/lib/python3.10/site-packages/my_py_pkg/__init__.py to __init__.cpython-310.pyc
[0.947s] running install_data
[0.947s] creating /home/daddy/ROBOTICS/ros2_ws/install/my_py_pkg/share/ament_index/resource_index/packages
[0.947s] copying resource/my_py_pkg -> /home/daddy/ROBOTICS/ros2_ws/install/my_py_pkg/share/ament_index/resource_index/packages
[0.947s] copying package.xml -> /home/daddy/ROBOTICS/ros2_ws/install/my_py_pkg/share/my_py_pkg
[0.947s] running install_egg_info
[0.959s] Copying ../../build/my_py_pkg/my_py_pkg.egg-info to /home/daddy/ROBOTICS/ros2_ws/install/my_py_pkg/lib/python3.10/site-packages/my_py_pkg-0.0.0-py3.10.egg-info
[0.960s] running install_scripts
[0.983s] writing list of installed files to '/home/daddy/ROBOTICS/ros2_ws/build/my_py_pkg/install.log'
[1.000s] Invoked command in '/home/daddy/ROBOTICS/ros2_ws/src/my_py_pkg' returned '0': PYTHONPATH=/home/daddy/ROBOTICS/ros2_ws/build/my_py_pkg/prefix_override:/usr/lib/python3/dist-packages/colcon_core/task/python/colcon_distutils_commands:/home/daddy/ROBOTICS/ros2_ws/install/my_py_pkg/lib/python3.10/site-packages:${PYTHONPATH} /usr/bin/python3 -W ignore:setup.py install is deprecated -W ignore:easy_install command is deprecated setup.py egg_info --egg-base ../../build/my_py_pkg build --build-base /home/daddy/ROBOTICS/ros2_ws/build/my_py_pkg/build install --record /home/daddy/ROBOTICS/ros2_ws/build/my_py_pkg/install.log --single-version-externally-managed install_data
