[0.011s] Invoking command in '/home/daddy/ROBOTICS/ros2_ws/build/my_cpp_pkg': CMAKE_PREFIX_PATH=/opt/ros/humble /usr/bin/cmake /home/daddy/ROBOTICS/ros2_ws/src/my_cpp_pkg -DCMAKE_INSTALL_PREFIX=/home/daddy/ROBOTICS/ros2_ws/install/my_cpp_pkg
[0.092s] -- The C compiler identification is GNU 11.4.0
[0.158s] -- The CXX compiler identification is GNU 11.4.0
[0.169s] -- Detecting C compiler ABI info
[0.225s] -- Detecting C compiler ABI info - done
[0.233s] -- Check for working C compiler: /usr/lib/ccache/cc - skipped
[0.233s] -- Detecting C compile features
[0.234s] -- Detecting C compile features - done
[0.237s] -- Detecting CXX compiler ABI info
[0.295s] -- Detecting CXX compiler ABI info - done
[0.300s] -- Check for working CXX compiler: /usr/lib/ccache/c++ - skipped
[0.300s] -- Detecting CXX compile features
[0.301s] -- Detecting CXX compile features - done
[0.308s] -- Found ament_cmake: 1.3.11 (/opt/ros/humble/share/ament_cmake/cmake)
[0.581s] -- Found Python3: /usr/bin/python3 (found version "3.10.12") found components: Interpreter 
[0.658s] -- Found rclcpp: 16.0.12 (/opt/ros/humble/share/rclcpp/cmake)
[0.695s] -- Found rosidl_generator_c: 3.1.6 (/opt/ros/humble/share/rosidl_generator_c/cmake)
[0.699s] -- Found rosidl_adapter: 3.1.6 (/opt/ros/humble/share/rosidl_adapter/cmake)
[0.707s] -- Found rosidl_generator_cpp: 3.1.6 (/opt/ros/humble/share/rosidl_generator_cpp/cmake)
[0.718s] -- Using all available rosidl_typesupport_c: rosidl_typesupport_fastrtps_c;rosidl_typesupport_introspection_c
[0.731s] -- Using all available rosidl_typesupport_cpp: rosidl_typesupport_fastrtps_cpp;rosidl_typesupport_introspection_cpp
[0.768s] -- Found rmw_implementation_cmake: 6.1.2 (/opt/ros/humble/share/rmw_implementation_cmake/cmake)
[0.770s] -- Found rmw_fastrtps_cpp: 6.2.7 (/opt/ros/humble/share/rmw_fastrtps_cpp/cmake)
[0.852s] -- Found OpenSSL: /usr/lib/x86_64-linux-gnu/libcrypto.so (found version "3.0.2")  
[0.875s] -- Found FastRTPS: /opt/ros/humble/include  
[0.907s] -- Using RMW implementation 'rmw_fastrtps_cpp' as default
[0.915s] -- Looking for pthread.h
[0.994s] -- Looking for pthread.h - found
[0.995s] -- Performing Test CMAKE_HAVE_LIBC_PTHREAD
[1.141s] -- Performing Test CMAKE_HAVE_LIBC_PTHREAD - Success
[1.143s] -- Found Threads: TRUE  
[1.199s] -- Found ament_lint_auto: 0.12.12 (/opt/ros/humble/share/ament_lint_auto/cmake)
[1.257s] -- Added test 'lint_cmake' to check CMake code style
[1.258s] -- Added test 'xmllint' to check XML markup files
[1.260s] -- Configuring done
[1.264s] -- Generating done
[1.266s] -- Build files have been written to: /home/daddy/ROBOTICS/ros2_ws/build/my_cpp_pkg
[1.274s] Invoked command in '/home/daddy/ROBOTICS/ros2_ws/build/my_cpp_pkg' returned '0': CMAKE_PREFIX_PATH=/opt/ros/humble /usr/bin/cmake /home/daddy/ROBOTICS/ros2_ws/src/my_cpp_pkg -DCMAKE_INSTALL_PREFIX=/home/daddy/ROBOTICS/ros2_ws/install/my_cpp_pkg
[1.276s] Invoking command in '/home/daddy/ROBOTICS/ros2_ws/build/my_cpp_pkg': CMAKE_PREFIX_PATH=/opt/ros/humble /usr/bin/cmake --build /home/daddy/ROBOTICS/ros2_ws/build/my_cpp_pkg -- -j16 -l16
[1.339s] Invoked command in '/home/daddy/ROBOTICS/ros2_ws/build/my_cpp_pkg' returned '0': CMAKE_PREFIX_PATH=/opt/ros/humble /usr/bin/cmake --build /home/daddy/ROBOTICS/ros2_ws/build/my_cpp_pkg -- -j16 -l16
[1.362s] Invoking command in '/home/daddy/ROBOTICS/ros2_ws/build/my_cpp_pkg': CMAKE_PREFIX_PATH=/opt/ros/humble /usr/bin/cmake --install /home/daddy/ROBOTICS/ros2_ws/build/my_cpp_pkg
[1.373s] -- Install configuration: ""
[1.373s] -- Installing: /home/daddy/ROBOTICS/ros2_ws/install/my_cpp_pkg/share/ament_index/resource_index/package_run_dependencies/my_cpp_pkg
[1.373s] -- Installing: /home/daddy/ROBOTICS/ros2_ws/install/my_cpp_pkg/share/ament_index/resource_index/parent_prefix_path/my_cpp_pkg
[1.373s] -- Installing: /home/daddy/ROBOTICS/ros2_ws/install/my_cpp_pkg/share/my_cpp_pkg/environment/ament_prefix_path.sh
[1.373s] -- Installing: /home/daddy/ROBOTICS/ros2_ws/install/my_cpp_pkg/share/my_cpp_pkg/environment/ament_prefix_path.dsv
[1.373s] -- Installing: /home/daddy/ROBOTICS/ros2_ws/install/my_cpp_pkg/share/my_cpp_pkg/environment/path.sh
[1.373s] -- Installing: /home/daddy/ROBOTICS/ros2_ws/install/my_cpp_pkg/share/my_cpp_pkg/environment/path.dsv
[1.373s] -- Installing: /home/daddy/ROBOTICS/ros2_ws/install/my_cpp_pkg/share/my_cpp_pkg/local_setup.bash
[1.373s] -- Installing: /home/daddy/ROBOTICS/ros2_ws/install/my_cpp_pkg/share/my_cpp_pkg/local_setup.sh
[1.373s] -- Installing: /home/daddy/ROBOTICS/ros2_ws/install/my_cpp_pkg/share/my_cpp_pkg/local_setup.zsh
[1.373s] -- Installing: /home/daddy/ROBOTICS/ros2_ws/install/my_cpp_pkg/share/my_cpp_pkg/local_setup.dsv
[1.373s] -- Installing: /home/daddy/ROBOTICS/ros2_ws/install/my_cpp_pkg/share/my_cpp_pkg/package.dsv
[1.373s] -- Installing: /home/daddy/ROBOTICS/ros2_ws/install/my_cpp_pkg/share/ament_index/resource_index/packages/my_cpp_pkg
[1.374s] -- Installing: /home/daddy/ROBOTICS/ros2_ws/install/my_cpp_pkg/share/my_cpp_pkg/cmake/my_cpp_pkgConfig.cmake
[1.374s] -- Installing: /home/daddy/ROBOTICS/ros2_ws/install/my_cpp_pkg/share/my_cpp_pkg/cmake/my_cpp_pkgConfig-version.cmake
[1.374s] -- Installing: /home/daddy/ROBOTICS/ros2_ws/install/my_cpp_pkg/share/my_cpp_pkg/package.xml
[1.375s] Invoked command in '/home/daddy/ROBOTICS/ros2_ws/build/my_cpp_pkg' returned '0': CMAKE_PREFIX_PATH=/opt/ros/humble /usr/bin/cmake --install /home/daddy/ROBOTICS/ros2_ws/build/my_cpp_pkg
