[0.636s] Invoking command in '/home/daddy/ROBOTICS/ros2_ws/src/my_py_pkg': PYTHONPATH=/home/daddy/ROBOTICS/ros2_ws/build/my_py_pkg/prefix_override:/usr/lib/python3/dist-packages/colcon_core/task/python/colcon_distutils_commands:/home/daddy/ROBOTICS/ros2_ws/install/my_py_pkg/lib/python3.10/site-packages:${PYTHONPATH} /usr/bin/python3 -W ignore:setup.py install is deprecated -W ignore:easy_install command is deprecated setup.py egg_info --egg-base ../../build/my_py_pkg build --build-base /home/daddy/ROBOTICS/ros2_ws/build/my_py_pkg/build install --record /home/daddy/ROBOTICS/ros2_ws/build/my_py_pkg/install.log --single-version-externally-managed install_data
[0.813s] running egg_info
[0.823s] writing ../../build/my_py_pkg/my_py_pkg.egg-info/PKG-INFO
[0.824s] writing dependency_links to ../../build/my_py_pkg/my_py_pkg.egg-info/dependency_links.txt
[0.824s] writing entry points to ../../build/my_py_pkg/my_py_pkg.egg-info/entry_points.txt
[0.824s] writing requirements to ../../build/my_py_pkg/my_py_pkg.egg-info/requires.txt
[0.824s] writing top-level names to ../../build/my_py_pkg/my_py_pkg.egg-info/top_level.txt
[0.848s] reading manifest file '../../build/my_py_pkg/my_py_pkg.egg-info/SOURCES.txt'
[0.848s] writing manifest file '../../build/my_py_pkg/my_py_pkg.egg-info/SOURCES.txt'
[0.849s] running build
[0.849s] running build_py
[0.849s] copying my_py_pkg/__init__.py -> /home/daddy/ROBOTICS/ros2_ws/build/my_py_pkg/build/lib/my_py_pkg
[0.849s] copying my_py_pkg/my_first_node.py -> /home/daddy/ROBOTICS/ros2_ws/build/my_py_pkg/build/lib/my_py_pkg
[0.849s] running install
[0.852s] running install_lib
[0.863s] copying /home/daddy/ROBOTICS/ros2_ws/build/my_py_pkg/build/lib/my_py_pkg/my_first_node.py -> /home/daddy/ROBOTICS/ros2_ws/install/my_py_pkg/lib/python3.10/site-packages/my_py_pkg
[0.863s] byte-compiling /home/daddy/ROBOTICS/ros2_ws/install/my_py_pkg/lib/python3.10/site-packages/my_py_pkg/my_first_node.py to my_first_node.cpython-310.pyc
[0.864s] running install_data
[0.864s] copying resource/my_py_pkg -> /home/daddy/ROBOTICS/ros2_ws/install/my_py_pkg/share/ament_index/resource_index/packages
[0.864s] copying package.xml -> /home/daddy/ROBOTICS/ros2_ws/install/my_py_pkg/share/my_py_pkg
[0.864s] running install_egg_info
[0.876s] removing '/home/daddy/ROBOTICS/ros2_ws/install/my_py_pkg/lib/python3.10/site-packages/my_py_pkg-0.0.0-py3.10.egg-info' (and everything under it)
[0.876s] Copying ../../build/my_py_pkg/my_py_pkg.egg-info to /home/daddy/ROBOTICS/ros2_ws/install/my_py_pkg/lib/python3.10/site-packages/my_py_pkg-0.0.0-py3.10.egg-info
[0.876s] running install_scripts
[0.899s] Installing py_node script to /home/daddy/ROBOTICS/ros2_ws/install/my_py_pkg/lib/my_py_pkg
[0.899s] writing list of installed files to '/home/daddy/ROBOTICS/ros2_ws/build/my_py_pkg/install.log'
[0.916s] Invoked command in '/home/daddy/ROBOTICS/ros2_ws/src/my_py_pkg' returned '0': PYTHONPATH=/home/daddy/ROBOTICS/ros2_ws/build/my_py_pkg/prefix_override:/usr/lib/python3/dist-packages/colcon_core/task/python/colcon_distutils_commands:/home/daddy/ROBOTICS/ros2_ws/install/my_py_pkg/lib/python3.10/site-packages:${PYTHONPATH} /usr/bin/python3 -W ignore:setup.py install is deprecated -W ignore:easy_install command is deprecated setup.py egg_info --egg-base ../../build/my_py_pkg build --build-base /home/daddy/ROBOTICS/ros2_ws/build/my_py_pkg/build install --record /home/daddy/ROBOTICS/ros2_ws/build/my_py_pkg/install.log --single-version-externally-managed install_data
